[35m[1mScanning dependencies of target my_cpp_publisher_node[0m
[ 50%] [32mBuilding CXX object CMakeFiles/my_cpp_publisher_node.dir/src/my_cpp_publisher_node.cpp.o[0m
[01m[K/home/dev/ros2_ws/src/my_cpp_publisher/src/my_cpp_publisher_node.cpp:2:10:[m[K [01;31m[Kfatal error: [m[Kmy_msg_types/msg/mymsg.hpp: No such file or directory
    2 | #include [01;31m[K"my_msg_types/msg/mymsg.hpp"[m[K
      |          [01;31m[K^~~~~~~~~~~~~~~~~~~~~~~~~~~~[m[K
compilation terminated.
make[2]: *** [CMakeFiles/my_cpp_publisher_node.dir/build.make:63: CMakeFiles/my_cpp_publisher_node.dir/src/my_cpp_publisher_node.cpp.o] Error 1
make[1]: *** [CMakeFiles/Makefile2:78: CMakeFiles/my_cpp_publisher_node.dir/all] Error 2
make: *** [Makefile:141: all] Error 2
