[0.438s] Invoking command in '/home/dev/ros2_ws/build/my_cpp_publisher': AMENT_PREFIX_PATH=/home/dev/ros2_ws/install/my_msg_types:${AMENT_PREFIX_PATH} CMAKE_PREFIX_PATH=/home/dev/ros2_ws/install/my_msg_types:/opt/ros/foxy LD_LIBRARY_PATH=/home/dev/ros2_ws/install/my_msg_types/lib:${LD_LIBRARY_PATH} PYTHONPATH=/home/dev/ros2_ws/install/my_msg_types/lib/python3.8/site-packages:${PYTHONPATH} /usr/bin/cmake --build /home/dev/ros2_ws/build/my_cpp_publisher -- -j2 -l2
[0.526s] [35m[1mScanning dependencies of target my_cpp_publisher_node[0m
[0.550s] [ 50%] [32mBuilding CXX object CMakeFiles/my_cpp_publisher_node.dir/src/my_cpp_publisher_node.cpp.o[0m
[0.571s] [01m[K/home/dev/ros2_ws/src/my_cpp_publisher/src/my_cpp_publisher_node.cpp:2:10:[m[K [01;31m[Kfatal error: [m[Kmy_msg_types/msg/MyMsg.msg: No such file or directory
[0.571s]     2 | #include [01;31m[K"my_msg_types/msg/MyMsg.msg"[m[K
[0.572s]       |          [01;31m[K^~~~~~~~~~~~~~~~~~~~~~~~~~~~[m[K
[0.572s] compilation terminated.
[0.577s] make[2]: *** [CMakeFiles/my_cpp_publisher_node.dir/build.make:63: CMakeFiles/my_cpp_publisher_node.dir/src/my_cpp_publisher_node.cpp.o] Error 1
[0.577s] make[1]: *** [CMakeFiles/Makefile2:78: CMakeFiles/my_cpp_publisher_node.dir/all] Error 2
[0.577s] make: *** [Makefile:141: all] Error 2
[0.866s] Invoked command in '/home/dev/ros2_ws/build/my_cpp_publisher' returned '2': AMENT_PREFIX_PATH=/home/dev/ros2_ws/install/my_msg_types:${AMENT_PREFIX_PATH} CMAKE_PREFIX_PATH=/home/dev/ros2_ws/install/my_msg_types:/opt/ros/foxy LD_LIBRARY_PATH=/home/dev/ros2_ws/install/my_msg_types/lib:${LD_LIBRARY_PATH} PYTHONPATH=/home/dev/ros2_ws/install/my_msg_types/lib/python3.8/site-packages:${PYTHONPATH} /usr/bin/cmake --build /home/dev/ros2_ws/build/my_cpp_publisher -- -j2 -l2
